{
  "stats": {
    "suites": 1,
    "tests": 2,
    "passes": 0,
    "pending": 0,
    "failures": 2,
    "start": "2021-08-21T15:32:01.033Z",
    "end": "2021-08-21T15:32:22.983Z",
    "duration": 21950,
    "testsRegistered": 2,
    "passPercent": 0,
    "pendingPercent": 0,
    "other": 0,
    "hasOther": false,
    "skipped": 0,
    "hasSkipped": false
  },
  "results": [
    {
      "uuid": "5a7972e2-9e90-45b7-94b6-81a009181f86",
      "title": "",
      "fullFile": "cypress/integration/Signup.feature",
      "file": "cypress/integration/Signup.feature",
      "beforeHooks": [],
      "afterHooks": [],
      "tests": [],
      "suites": [
        {
          "uuid": "1fa88a28-3cb9-490d-87cd-1ab54dc77ea0",
          "title": "Sign up",
          "fullFile": "",
          "file": "",
          "beforeHooks": [],
          "afterHooks": [],
          "tests": [
            {
              "title": "As a new user I want to signup successfully (example #1)",
              "fullTitle": "Sign up As a new user I want to signup successfully (example #1)",
              "timedOut": null,
              "duration": 8472,
              "state": "failed",
              "speed": null,
              "pass": false,
              "fail": true,
              "pending": false,
              "context": null,
              "code": "const state = window.testState;\nreturn cy\n  .then(() => state.onStartScenario(scenario, indexedSteps))\n  .then(() =>\n    resolveAndRunBeforeHooks.call(this, scenario.tags, state.feature.name)\n  )\n  .then(() =>\n    indexedSteps.forEach(step =>\n      stepTest.call(this, state, step, rowData)\n    )\n  )\n  .then(() =>\n    resolveAndRunAfterHooks.call(this, scenario.tags, state.feature.name)\n  )\n  .then(() => state.onFinishScenario(scenario));",
              "err": {
                "message": "CypressError: Timed out retrying: `cy.click()` failed because this element is detached from the DOM.\n\n`<button class=\"header__link header__action account__icon header__desktop-sign-in-button\" type=\"button\" data-testid=\"sign-in-button\">Sign In...</button>`\n\nCypress requires elements be attached in the DOM to interact with them.\n\nThe previous command that ran was:\n\n  > `cy.get()`\n\nThis DOM element likely became detached somewhere between the previous and current command.\n\nCommon situations why this happens:\n  - Your JS framework re-rendered asynchronously\n  - Your app code reacted to an event firing and removed the element\n\nYou typically need to re-query for the element or add 'guards' which delay Cypress from running new commands.\n\nhttps://on.cypress.io/element-has-detached-from-dom",
                "estack": "CypressError: Timed out retrying: `cy.click()` failed because this element is detached from the DOM.\n\n`<button class=\"header__link header__action account__icon header__desktop-sign-in-button\" type=\"button\" data-testid=\"sign-in-button\">Sign In...</button>`\n\nCypress requires elements be attached in the DOM to interact with them.\n\nThe previous command that ran was:\n\n  > `cy.get()`\n\nThis DOM element likely became detached somewhere between the previous and current command.\n\nCommon situations why this happens:\n  - Your JS framework re-rendered asynchronously\n  - Your app code reacted to an event firing and removed the element\n\nYou typically need to re-query for the element or add 'guards' which delay Cypress from running new commands.\n\nhttps://on.cypress.io/element-has-detached-from-dom\n    at $Cy.ensureAttached (https://uk.tommy.com/__cypress/runner/cypress_runner.js:161173:24)\n    at runAllChecks (https://uk.tommy.com/__cypress/runner/cypress_runner.js:150104:12)\n    at retryActionability (https://uk.tommy.com/__cypress/runner/cypress_runner.js:150163:16)\n    at tryCatcher (https://uk.tommy.com/__cypress/runner/cypress_runner.js:10325:23)\n    at Function.Promise.attempt.Promise.try (https://uk.tommy.com/__cypress/runner/cypress_runner.js:7599:29)\n    at tryFn (https://uk.tommy.com/__cypress/runner/cypress_runner.js:165556:21)\n    at whenStable (https://uk.tommy.com/__cypress/runner/cypress_runner.js:165594:12)\n    at https://uk.tommy.com/__cypress/runner/cypress_runner.js:165089:16\n    at tryCatcher (https://uk.tommy.com/__cypress/runner/cypress_runner.js:10325:23)\n    at Promise._settlePromiseFromHandler (https://uk.tommy.com/__cypress/runner/cypress_runner.js:8260:31)\n    at Promise._settlePromise (https://uk.tommy.com/__cypress/runner/cypress_runner.js:8317:18)\n    at Promise._settlePromise0 (https://uk.tommy.com/__cypress/runner/cypress_runner.js:8362:10)\n    at Promise._settlePromises (https://uk.tommy.com/__cypress/runner/cypress_runner.js:8442:18)\n    at Promise._fulfill (https://uk.tommy.com/__cypress/runner/cypress_runner.js:8386:18)\n    at https://uk.tommy.com/__cypress/runner/cypress_runner.js:10000:46\nFrom Your Spec Code:\n    at Context.eval (https://uk.tommy.com/__cypress/tests?p=cypress/integration/Signup.feature:69:42)\n    at Context.resolveAndRunStepDefinition (https://uk.tommy.com/__cypress/tests?p=cypress/integration/Signup.feature:11907:29)\n    at Context.eval (https://uk.tommy.com/__cypress/tests?p=cypress/integration/Signup.feature:11252:35)\nFrom Your Spec Code:\n    at Context.eval (https://uk.tommy.com/__cypress/tests?p=cypress/integration/Signup.feature:69:42)\n    at Context.resolveAndRunStepDefinition (https://uk.tommy.com/__cypress/tests?p=cypress/integration/Signup.feature:11907:29)\n    at Context.eval (https://uk.tommy.com/__cypress/tests?p=cypress/integration/Signup.feature:11252:35)",
                "diff": null
              },
              "uuid": "986bca4b-93be-4094-8e82-975b24023721",
              "parentUUID": "1fa88a28-3cb9-490d-87cd-1ab54dc77ea0",
              "isHook": false,
              "skipped": false
            },
            {
              "title": "Check user is signup successfully",
              "fullTitle": "Sign up Check user is signup successfully",
              "timedOut": null,
              "duration": 13303,
              "state": "failed",
              "speed": null,
              "pass": false,
              "fail": true,
              "pending": false,
              "context": null,
              "code": "const state = window.testState;\nreturn cy\n  .then(() => state.onStartScenario(scenario, indexedSteps))\n  .then(() =>\n    resolveAndRunBeforeHooks.call(this, scenario.tags, state.feature.name)\n  )\n  .then(() =>\n    indexedSteps.forEach(step =>\n      stepTest.call(this, state, step, rowData)\n    )\n  )\n  .then(() =>\n    resolveAndRunAfterHooks.call(this, scenario.tags, state.feature.name)\n  )\n  .then(() => state.onFinishScenario(scenario));",
              "err": {
                "message": "AssertionError: Timed out retrying: Expected to find element: `.KJ7_b`, but never found it.",
                "estack": "AssertionError: Timed out retrying: Expected to find element: `.KJ7_b`, but never found it.\n    at Signup_Page.clickSignIn (https://uk.tommy.com/__cypress/tests?p=cypress/integration/Signup.feature:172:10)\n    at Context.eval (https://uk.tommy.com/__cypress/tests?p=cypress/integration/Signup.feature:77:22)\n    at Context.resolveAndRunStepDefinition (https://uk.tommy.com/__cypress/tests?p=cypress/integration/Signup.feature:11907:29)\n    at Context.eval (https://uk.tommy.com/__cypress/tests?p=cypress/integration/Signup.feature:11252:35)",
                "diff": null
              },
              "uuid": "f447a3f5-e0f7-4d80-b906-156430affbdf",
              "parentUUID": "1fa88a28-3cb9-490d-87cd-1ab54dc77ea0",
              "isHook": false,
              "skipped": false
            }
          ],
          "suites": [],
          "passes": [],
          "failures": [
            "986bca4b-93be-4094-8e82-975b24023721",
            "f447a3f5-e0f7-4d80-b906-156430affbdf"
          ],
          "pending": [],
          "skipped": [],
          "duration": 21775,
          "root": false,
          "rootEmpty": false,
          "_timeout": 2000
        }
      ],
      "passes": [],
      "failures": [],
      "pending": [],
      "skipped": [],
      "duration": 0,
      "root": true,
      "rootEmpty": true,
      "_timeout": 2000
    }
  ],
  "meta": {
    "mocha": {
      "version": "7.0.1"
    },
    "mochawesome": {
      "options": {
        "quiet": false,
        "reportFilename": "report",
        "saveHtml": true,
        "saveJson": true,
        "consoleReporter": "spec",
        "useInlineDiffs": false,
        "code": true
      },
      "version": "6.2.1"
    },
    "marge": {
      "options": {
        "reportDir": "cypress/reports/mochawesome-report",
        "reportFilename": "report",
        "overwrite": false,
        "html": true,
        "json": true,
        "charts": true
      },
      "version": "5.1.0"
    }
  }
}