{
  "stats": {
    "suites": 1,
    "tests": 1,
    "passes": 0,
    "pending": 0,
    "failures": 1,
    "start": "2021-08-21T15:28:52.852Z",
    "end": "2021-08-21T15:29:05.236Z",
    "duration": 12384,
    "testsRegistered": 1,
    "passPercent": 0,
    "pendingPercent": 0,
    "other": 0,
    "hasOther": false,
    "skipped": 0,
    "hasSkipped": false
  },
  "results": [
    {
      "uuid": "9ac4e738-b88e-4f69-ba13-217265334b2f",
      "title": "",
      "fullFile": "cypress/integration/ExistingEmail.feature",
      "file": "cypress/integration/ExistingEmail.feature",
      "beforeHooks": [],
      "afterHooks": [],
      "tests": [],
      "suites": [
        {
          "uuid": "d4f4abd9-2014-43f1-b146-e3f13107b1a9",
          "title": "Existing Email up",
          "fullFile": "",
          "file": "",
          "beforeHooks": [],
          "afterHooks": [],
          "tests": [
            {
              "title": "Check error for existing email (example #1)",
              "fullTitle": "Existing Email up Check error for existing email (example #1)",
              "timedOut": null,
              "duration": 12231,
              "state": "failed",
              "speed": null,
              "pass": false,
              "fail": true,
              "pending": false,
              "context": null,
              "code": "const state = window.testState;\nreturn cy\n  .then(() => state.onStartScenario(scenario, indexedSteps))\n  .then(() =>\n    resolveAndRunBeforeHooks.call(this, scenario.tags, state.feature.name)\n  )\n  .then(() =>\n    indexedSteps.forEach(step =>\n      stepTest.call(this, state, step, rowData)\n    )\n  )\n  .then(() =>\n    resolveAndRunAfterHooks.call(this, scenario.tags, state.feature.name)\n  )\n  .then(() => state.onFinishScenario(scenario));",
              "err": {
                "message": "AssertionError: Timed out retrying: Expected to find element: `:nth-child(6) > ._2y_Jn`, but never found it.",
                "estack": "AssertionError: Timed out retrying: Expected to find element: `:nth-child(6) > ._2y_Jn`, but never found it.\n    at Signup_Page.checkTermsConditions (https://uk.tommy.com/__cypress/tests?p=cypress/integration/ExistingEmail.feature:144:10)\n    at Context.eval (https://uk.tommy.com/__cypress/tests?p=cypress/integration/ExistingEmail.feature:53:22)\n    at Context.resolveAndRunStepDefinition (https://uk.tommy.com/__cypress/tests?p=cypress/integration/ExistingEmail.feature:11904:29)\n    at Context.eval (https://uk.tommy.com/__cypress/tests?p=cypress/integration/ExistingEmail.feature:11249:35)",
                "diff": null
              },
              "uuid": "7a0816ff-44b1-4f57-9996-b977e92fdee4",
              "parentUUID": "d4f4abd9-2014-43f1-b146-e3f13107b1a9",
              "isHook": false,
              "skipped": false
            }
          ],
          "suites": [],
          "passes": [],
          "failures": [
            "7a0816ff-44b1-4f57-9996-b977e92fdee4"
          ],
          "pending": [],
          "skipped": [],
          "duration": 12231,
          "root": false,
          "rootEmpty": false,
          "_timeout": 2000
        }
      ],
      "passes": [],
      "failures": [],
      "pending": [],
      "skipped": [],
      "duration": 0,
      "root": true,
      "rootEmpty": true,
      "_timeout": 2000
    }
  ],
  "meta": {
    "mocha": {
      "version": "7.0.1"
    },
    "mochawesome": {
      "options": {
        "quiet": false,
        "reportFilename": "report",
        "saveHtml": true,
        "saveJson": true,
        "consoleReporter": "spec",
        "useInlineDiffs": false,
        "code": true
      },
      "version": "6.2.1"
    },
    "marge": {
      "options": {
        "reportDir": "cypress/reports/mochawesome-report",
        "reportFilename": "report",
        "overwrite": false,
        "html": true,
        "json": true,
        "charts": true
      },
      "version": "5.1.0"
    }
  }
}