{
  "stats": {
    "suites": 1,
    "tests": 2,
    "passes": 0,
    "pending": 0,
    "failures": 2,
    "start": "2021-08-21T15:21:23.289Z",
    "end": "2021-08-21T15:23:23.516Z",
    "duration": 120227,
    "testsRegistered": 2,
    "passPercent": 0,
    "pendingPercent": 0,
    "other": 0,
    "hasOther": false,
    "skipped": 0,
    "hasSkipped": false
  },
  "results": [
    {
      "uuid": "2d2d4791-c323-4d45-8999-7d7d94f4f034",
      "title": "",
      "fullFile": "cypress/integration/Signup.feature",
      "file": "cypress/integration/Signup.feature",
      "beforeHooks": [],
      "afterHooks": [],
      "tests": [],
      "suites": [
        {
          "uuid": "8b521d75-e1e0-4e74-b4f9-73cf01125499",
          "title": "Sign up",
          "fullFile": "",
          "file": "",
          "beforeHooks": [],
          "afterHooks": [],
          "tests": [
            {
              "title": "As a new user I want to signup successfully (example #1)",
              "fullTitle": "Sign up As a new user I want to signup successfully (example #1)",
              "timedOut": null,
              "duration": 7523,
              "state": "failed",
              "speed": null,
              "pass": false,
              "fail": true,
              "pending": false,
              "context": null,
              "code": "const state = window.testState;\nreturn cy\n  .then(() => state.onStartScenario(scenario, indexedSteps))\n  .then(() =>\n    resolveAndRunBeforeHooks.call(this, scenario.tags, state.feature.name)\n  )\n  .then(() =>\n    indexedSteps.forEach(step =>\n      stepTest.call(this, state, step, rowData)\n    )\n  )\n  .then(() =>\n    resolveAndRunAfterHooks.call(this, scenario.tags, state.feature.name)\n  )\n  .then(() => state.onFinishScenario(scenario));",
              "err": {
                "message": "TypeError: Cannot read property 'email' of undefined",
                "estack": "TypeError: Cannot read property 'email' of undefined\n    at Signup_Page.enterEmail (https://uk.tommy.com/__cypress/tests?p=cypress/integration/Signup.feature:123:60)\n    at Context.eval (https://uk.tommy.com/__cypress/tests?p=cypress/integration/Signup.feature:74:22)\n    at Context.resolveAndRunStepDefinition (https://uk.tommy.com/__cypress/tests?p=cypress/integration/Signup.feature:11898:29)\n    at Context.eval (https://uk.tommy.com/__cypress/tests?p=cypress/integration/Signup.feature:11243:35)",
                "diff": null
              },
              "uuid": "e9d17515-c491-420c-b504-316603b637fe",
              "parentUUID": "8b521d75-e1e0-4e74-b4f9-73cf01125499",
              "isHook": false,
              "skipped": false
            },
            {
              "title": "Check user is signup successfully",
              "fullTitle": "Sign up Check user is signup successfully",
              "timedOut": null,
              "duration": 112507,
              "state": "failed",
              "speed": null,
              "pass": false,
              "fail": true,
              "pending": false,
              "context": null,
              "code": "const state = window.testState;\nreturn cy\n  .then(() => state.onStartScenario(scenario, indexedSteps))\n  .then(() =>\n    resolveAndRunBeforeHooks.call(this, scenario.tags, state.feature.name)\n  )\n  .then(() =>\n    indexedSteps.forEach(step =>\n      stepTest.call(this, state, step, rowData)\n    )\n  )\n  .then(() =>\n    resolveAndRunAfterHooks.call(this, scenario.tags, state.feature.name)\n  )\n  .then(() => state.onFinishScenario(scenario));",
              "err": {
                "message": "CypressError: `cy.screenshot()` timed out waiting `30000ms` to complete.",
                "estack": "CypressError: `cy.screenshot()` timed out waiting `30000ms` to complete.\n    at https://uk.tommy.com/__cypress/runner/cypress_runner.js:159074:22\n    at tryCatcher (https://uk.tommy.com/__cypress/runner/cypress_runner.js:10325:23)\n    at https://uk.tommy.com/__cypress/runner/cypress_runner.js:5447:41\n    at tryCatcher (https://uk.tommy.com/__cypress/runner/cypress_runner.js:10325:23)\n    at Promise._settlePromiseFromHandler (https://uk.tommy.com/__cypress/runner/cypress_runner.js:8260:31)\n    at Promise._settlePromise (https://uk.tommy.com/__cypress/runner/cypress_runner.js:8317:18)\n    at Promise._settlePromise0 (https://uk.tommy.com/__cypress/runner/cypress_runner.js:8362:10)\n    at Promise._settlePromises (https://uk.tommy.com/__cypress/runner/cypress_runner.js:8438:18)\n    at _drainQueueStep (https://uk.tommy.com/__cypress/runner/cypress_runner.js:5032:12)\n    at _drainQueue (https://uk.tommy.com/__cypress/runner/cypress_runner.js:5025:9)\n    at Async.../../node_modules/bluebird/js/release/async.js.Async._drainQueues (https://uk.tommy.com/__cypress/runner/cypress_runner.js:5041:5)\n    at Async.drainQueues (https://uk.tommy.com/__cypress/runner/cypress_runner.js:4911:14)",
                "diff": null
              },
              "uuid": "8aea1bd7-7f27-4e10-9f45-bcd628c3b61c",
              "parentUUID": "8b521d75-e1e0-4e74-b4f9-73cf01125499",
              "isHook": false,
              "skipped": false
            }
          ],
          "suites": [],
          "passes": [],
          "failures": [
            "e9d17515-c491-420c-b504-316603b637fe",
            "8aea1bd7-7f27-4e10-9f45-bcd628c3b61c"
          ],
          "pending": [],
          "skipped": [],
          "duration": 120030,
          "root": false,
          "rootEmpty": false,
          "_timeout": 2000
        }
      ],
      "passes": [],
      "failures": [],
      "pending": [],
      "skipped": [],
      "duration": 0,
      "root": true,
      "rootEmpty": true,
      "_timeout": 2000
    }
  ],
  "meta": {
    "mocha": {
      "version": "7.0.1"
    },
    "mochawesome": {
      "options": {
        "quiet": false,
        "reportFilename": "report",
        "saveHtml": true,
        "saveJson": true,
        "consoleReporter": "spec",
        "useInlineDiffs": false,
        "code": true
      },
      "version": "6.2.1"
    },
    "marge": {
      "options": {
        "reportDir": "cypress/reports/mochawesome-report",
        "reportFilename": "report",
        "overwrite": false,
        "html": true,
        "json": true,
        "charts": true
      },
      "version": "5.1.0"
    }
  }
}