{
  "stats": {
    "suites": 1,
    "tests": 5,
    "passes": 0,
    "pending": 0,
    "failures": 5,
    "start": "2021-08-21T14:35:48.701Z",
    "end": "2021-08-21T14:35:56.186Z",
    "duration": 7485,
    "testsRegistered": 5,
    "passPercent": 0,
    "pendingPercent": 0,
    "other": 0,
    "hasOther": false,
    "skipped": 0,
    "hasSkipped": false
  },
  "results": [
    {
      "uuid": "ce4e41b2-39b6-49c1-b90f-6b59aed9dece",
      "title": "",
      "fullFile": "cypress/integration/PasswordRules.feature",
      "file": "cypress/integration/PasswordRules.feature",
      "beforeHooks": [],
      "afterHooks": [],
      "tests": [],
      "suites": [
        {
          "uuid": "9e11020f-3839-44b1-92ba-e6aac5213ca7",
          "title": "Password Rules",
          "fullFile": "",
          "file": "",
          "beforeHooks": [],
          "afterHooks": [],
          "tests": [
            {
              "title": "Check Password Strength (example #1)",
              "fullTitle": "Password Rules Check Password Strength (example #1)",
              "timedOut": null,
              "duration": 2213,
              "state": "failed",
              "speed": null,
              "pass": false,
              "fail": true,
              "pending": false,
              "context": null,
              "code": "const state = window.testState;\nreturn cy\n  .then(() => state.onStartScenario(scenario, indexedSteps))\n  .then(() =>\n    resolveAndRunBeforeHooks.call(this, scenario.tags, state.feature.name)\n  )\n  .then(() =>\n    indexedSteps.forEach(step =>\n      stepTest.call(this, state, step, rowData)\n    )\n  )\n  .then(() =>\n    resolveAndRunAfterHooks.call(this, scenario.tags, state.feature.name)\n  )\n  .then(() => state.onFinishScenario(scenario));",
              "err": {
                "message": "TypeError: Cannot read property 'firstName' of undefined",
                "estack": "TypeError: Cannot read property 'firstName' of undefined\n    at Signup_Page.enterName (https://my.wonderbill.com/__cypress/tests?p=cypress/integration/PasswordRules.feature:108:59)\n    at Context.eval (https://my.wonderbill.com/__cypress/tests?p=cypress/integration/PasswordRules.feature:66:22)\n    at Context.resolveAndRunStepDefinition (https://my.wonderbill.com/__cypress/tests?p=cypress/integration/PasswordRules.feature:11893:29)\n    at Context.eval (https://my.wonderbill.com/__cypress/tests?p=cypress/integration/PasswordRules.feature:11238:35)",
                "diff": null
              },
              "uuid": "31b8ad00-0b69-45b7-8794-0dbbfb4b5468",
              "parentUUID": "9e11020f-3839-44b1-92ba-e6aac5213ca7",
              "isHook": false,
              "skipped": false
            },
            {
              "title": "Check Password Strength (example #2)",
              "fullTitle": "Password Rules Check Password Strength (example #2)",
              "timedOut": null,
              "duration": 1384,
              "state": "failed",
              "speed": null,
              "pass": false,
              "fail": true,
              "pending": false,
              "context": null,
              "code": "const state = window.testState;\nreturn cy\n  .then(() => state.onStartScenario(scenario, indexedSteps))\n  .then(() =>\n    resolveAndRunBeforeHooks.call(this, scenario.tags, state.feature.name)\n  )\n  .then(() =>\n    indexedSteps.forEach(step =>\n      stepTest.call(this, state, step, rowData)\n    )\n  )\n  .then(() =>\n    resolveAndRunAfterHooks.call(this, scenario.tags, state.feature.name)\n  )\n  .then(() => state.onFinishScenario(scenario));",
              "err": {
                "message": "TypeError: Cannot read property 'firstName' of undefined",
                "estack": "TypeError: Cannot read property 'firstName' of undefined\n    at Signup_Page.enterName (https://my.wonderbill.com/__cypress/tests?p=cypress/integration/PasswordRules.feature:108:59)\n    at Context.eval (https://my.wonderbill.com/__cypress/tests?p=cypress/integration/PasswordRules.feature:66:22)\n    at Context.resolveAndRunStepDefinition (https://my.wonderbill.com/__cypress/tests?p=cypress/integration/PasswordRules.feature:11893:29)\n    at Context.eval (https://my.wonderbill.com/__cypress/tests?p=cypress/integration/PasswordRules.feature:11238:35)",
                "diff": null
              },
              "uuid": "c507e8f4-1014-4716-9e46-3f7ede940d3b",
              "parentUUID": "9e11020f-3839-44b1-92ba-e6aac5213ca7",
              "isHook": false,
              "skipped": false
            },
            {
              "title": "Check Password Strength (example #3)",
              "fullTitle": "Password Rules Check Password Strength (example #3)",
              "timedOut": null,
              "duration": 1324,
              "state": "failed",
              "speed": null,
              "pass": false,
              "fail": true,
              "pending": false,
              "context": null,
              "code": "const state = window.testState;\nreturn cy\n  .then(() => state.onStartScenario(scenario, indexedSteps))\n  .then(() =>\n    resolveAndRunBeforeHooks.call(this, scenario.tags, state.feature.name)\n  )\n  .then(() =>\n    indexedSteps.forEach(step =>\n      stepTest.call(this, state, step, rowData)\n    )\n  )\n  .then(() =>\n    resolveAndRunAfterHooks.call(this, scenario.tags, state.feature.name)\n  )\n  .then(() => state.onFinishScenario(scenario));",
              "err": {
                "message": "TypeError: Cannot read property 'firstName' of undefined",
                "estack": "TypeError: Cannot read property 'firstName' of undefined\n    at Signup_Page.enterName (https://my.wonderbill.com/__cypress/tests?p=cypress/integration/PasswordRules.feature:108:59)\n    at Context.eval (https://my.wonderbill.com/__cypress/tests?p=cypress/integration/PasswordRules.feature:66:22)\n    at Context.resolveAndRunStepDefinition (https://my.wonderbill.com/__cypress/tests?p=cypress/integration/PasswordRules.feature:11893:29)\n    at Context.eval (https://my.wonderbill.com/__cypress/tests?p=cypress/integration/PasswordRules.feature:11238:35)",
                "diff": null
              },
              "uuid": "7c23dac5-61a5-46a6-b548-d2f9b4cade3b",
              "parentUUID": "9e11020f-3839-44b1-92ba-e6aac5213ca7",
              "isHook": false,
              "skipped": false
            },
            {
              "title": "Check Password Strength (example #4)",
              "fullTitle": "Password Rules Check Password Strength (example #4)",
              "timedOut": null,
              "duration": 1067,
              "state": "failed",
              "speed": null,
              "pass": false,
              "fail": true,
              "pending": false,
              "context": null,
              "code": "const state = window.testState;\nreturn cy\n  .then(() => state.onStartScenario(scenario, indexedSteps))\n  .then(() =>\n    resolveAndRunBeforeHooks.call(this, scenario.tags, state.feature.name)\n  )\n  .then(() =>\n    indexedSteps.forEach(step =>\n      stepTest.call(this, state, step, rowData)\n    )\n  )\n  .then(() =>\n    resolveAndRunAfterHooks.call(this, scenario.tags, state.feature.name)\n  )\n  .then(() => state.onFinishScenario(scenario));",
              "err": {
                "message": "TypeError: Cannot read property 'firstName' of undefined",
                "estack": "TypeError: Cannot read property 'firstName' of undefined\n    at Signup_Page.enterName (https://my.wonderbill.com/__cypress/tests?p=cypress/integration/PasswordRules.feature:108:59)\n    at Context.eval (https://my.wonderbill.com/__cypress/tests?p=cypress/integration/PasswordRules.feature:66:22)\n    at Context.resolveAndRunStepDefinition (https://my.wonderbill.com/__cypress/tests?p=cypress/integration/PasswordRules.feature:11893:29)\n    at Context.eval (https://my.wonderbill.com/__cypress/tests?p=cypress/integration/PasswordRules.feature:11238:35)",
                "diff": null
              },
              "uuid": "bafa9be4-e300-4b69-a8f5-543dc8134bdf",
              "parentUUID": "9e11020f-3839-44b1-92ba-e6aac5213ca7",
              "isHook": false,
              "skipped": false
            },
            {
              "title": "Check Password Strength (example #5)",
              "fullTitle": "Password Rules Check Password Strength (example #5)",
              "timedOut": null,
              "duration": 1323,
              "state": "failed",
              "speed": null,
              "pass": false,
              "fail": true,
              "pending": false,
              "context": null,
              "code": "const state = window.testState;\nreturn cy\n  .then(() => state.onStartScenario(scenario, indexedSteps))\n  .then(() =>\n    resolveAndRunBeforeHooks.call(this, scenario.tags, state.feature.name)\n  )\n  .then(() =>\n    indexedSteps.forEach(step =>\n      stepTest.call(this, state, step, rowData)\n    )\n  )\n  .then(() =>\n    resolveAndRunAfterHooks.call(this, scenario.tags, state.feature.name)\n  )\n  .then(() => state.onFinishScenario(scenario));",
              "err": {
                "message": "TypeError: Cannot read property 'firstName' of undefined",
                "estack": "TypeError: Cannot read property 'firstName' of undefined\n    at Signup_Page.enterName (https://my.wonderbill.com/__cypress/tests?p=cypress/integration/PasswordRules.feature:108:59)\n    at Context.eval (https://my.wonderbill.com/__cypress/tests?p=cypress/integration/PasswordRules.feature:66:22)\n    at Context.resolveAndRunStepDefinition (https://my.wonderbill.com/__cypress/tests?p=cypress/integration/PasswordRules.feature:11893:29)\n    at Context.eval (https://my.wonderbill.com/__cypress/tests?p=cypress/integration/PasswordRules.feature:11238:35)",
                "diff": null
              },
              "uuid": "786aec3c-690f-4269-94c1-3af72a1f333e",
              "parentUUID": "9e11020f-3839-44b1-92ba-e6aac5213ca7",
              "isHook": false,
              "skipped": false
            }
          ],
          "suites": [],
          "passes": [],
          "failures": [
            "31b8ad00-0b69-45b7-8794-0dbbfb4b5468",
            "c507e8f4-1014-4716-9e46-3f7ede940d3b",
            "7c23dac5-61a5-46a6-b548-d2f9b4cade3b",
            "bafa9be4-e300-4b69-a8f5-543dc8134bdf",
            "786aec3c-690f-4269-94c1-3af72a1f333e"
          ],
          "pending": [],
          "skipped": [],
          "duration": 7311,
          "root": false,
          "rootEmpty": false,
          "_timeout": 2000
        }
      ],
      "passes": [],
      "failures": [],
      "pending": [],
      "skipped": [],
      "duration": 0,
      "root": true,
      "rootEmpty": true,
      "_timeout": 2000
    }
  ],
  "meta": {
    "mocha": {
      "version": "7.0.1"
    },
    "mochawesome": {
      "options": {
        "quiet": false,
        "reportFilename": "report",
        "saveHtml": true,
        "saveJson": true,
        "consoleReporter": "spec",
        "useInlineDiffs": false,
        "code": true
      },
      "version": "6.2.1"
    },
    "marge": {
      "options": {
        "reportDir": "cypress/reports/mochawesome-report",
        "reportFilename": "report",
        "overwrite": false,
        "html": true,
        "json": true,
        "charts": true
      },
      "version": "5.1.0"
    }
  }
}