{
  "stats": {
    "suites": 1,
    "tests": 1,
    "passes": 0,
    "pending": 0,
    "failures": 1,
    "start": "2021-08-21T21:11:02.553Z",
    "end": "2021-08-21T21:11:30.433Z",
    "duration": 27880,
    "testsRegistered": 1,
    "passPercent": 0,
    "pendingPercent": 0,
    "other": 0,
    "hasOther": false,
    "skipped": 0,
    "hasSkipped": false
  },
  "results": [
    {
      "uuid": "8b2deacc-47a1-4d4d-bf31-e621d160f5af",
      "title": "",
      "fullFile": "cypress/integration/AddNewAddress.feature",
      "file": "cypress/integration/AddNewAddress.feature",
      "beforeHooks": [],
      "afterHooks": [],
      "tests": [],
      "suites": [
        {
          "uuid": "f3be4b47-329a-497f-b79c-0220450b1a43",
          "title": "Add New Address",
          "fullFile": "",
          "file": "",
          "beforeHooks": [],
          "afterHooks": [],
          "tests": [
            {
              "title": "As a registered user I want to add new address",
              "fullTitle": "Add New Address As a registered user I want to add new address",
              "timedOut": null,
              "duration": 27747,
              "state": "failed",
              "speed": null,
              "pass": false,
              "fail": true,
              "pending": false,
              "context": null,
              "code": "const state = window.testState;\nreturn cy\n  .then(() => state.onStartScenario(scenario, indexedSteps))\n  .then(() =>\n    resolveAndRunBeforeHooks.call(this, scenario.tags, state.feature.name)\n  )\n  .then(() =>\n    indexedSteps.forEach(step =>\n      stepTest.call(this, state, step, rowData)\n    )\n  )\n  .then(() =>\n    resolveAndRunAfterHooks.call(this, scenario.tags, state.feature.name)\n  )\n  .then(() => state.onFinishScenario(scenario));",
              "err": {
                "message": "CypressError: Timed out retrying: `cy.click()` failed because this element is detached from the DOM.\n\n`<button data-click-target=\"\" data-testid=\"address-add-button\" type=\"submit\" class=\"Button Button__secondary \">Add new...</button>`\n\nCypress requires elements be attached in the DOM to interact with them.\n\nThe previous command that ran was:\n\n  > `cy.get()`\n\nThis DOM element likely became detached somewhere between the previous and current command.\n\nCommon situations why this happens:\n  - Your JS framework re-rendered asynchronously\n  - Your app code reacted to an event firing and removed the element\n\nYou typically need to re-query for the element or add 'guards' which delay Cypress from running new commands.\n\nhttps://on.cypress.io/element-has-detached-from-dom",
                "estack": "CypressError: Timed out retrying: `cy.click()` failed because this element is detached from the DOM.\n\n`<button data-click-target=\"\" data-testid=\"address-add-button\" type=\"submit\" class=\"Button Button__secondary \">Add new...</button>`\n\nCypress requires elements be attached in the DOM to interact with them.\n\nThe previous command that ran was:\n\n  > `cy.get()`\n\nThis DOM element likely became detached somewhere between the previous and current command.\n\nCommon situations why this happens:\n  - Your JS framework re-rendered asynchronously\n  - Your app code reacted to an event firing and removed the element\n\nYou typically need to re-query for the element or add 'guards' which delay Cypress from running new commands.\n\nhttps://on.cypress.io/element-has-detached-from-dom\n    at $Cy.ensureAttached (https://uk.tommy.com/__cypress/runner/cypress_runner.js:161173:24)\n    at runAllChecks (https://uk.tommy.com/__cypress/runner/cypress_runner.js:150104:12)\n    at retryActionability (https://uk.tommy.com/__cypress/runner/cypress_runner.js:150163:16)\n    at tryCatcher (https://uk.tommy.com/__cypress/runner/cypress_runner.js:10325:23)\n    at Function.Promise.attempt.Promise.try (https://uk.tommy.com/__cypress/runner/cypress_runner.js:7599:29)\n    at tryFn (https://uk.tommy.com/__cypress/runner/cypress_runner.js:165556:21)\n    at whenStable (https://uk.tommy.com/__cypress/runner/cypress_runner.js:165594:12)\n    at https://uk.tommy.com/__cypress/runner/cypress_runner.js:165089:16\n    at tryCatcher (https://uk.tommy.com/__cypress/runner/cypress_runner.js:10325:23)\n    at Promise._settlePromiseFromHandler (https://uk.tommy.com/__cypress/runner/cypress_runner.js:8260:31)\n    at Promise._settlePromise (https://uk.tommy.com/__cypress/runner/cypress_runner.js:8317:18)\n    at Promise._settlePromise0 (https://uk.tommy.com/__cypress/runner/cypress_runner.js:8362:10)\n    at Promise._settlePromises (https://uk.tommy.com/__cypress/runner/cypress_runner.js:8442:18)\n    at Promise._fulfill (https://uk.tommy.com/__cypress/runner/cypress_runner.js:8386:18)\n    at https://uk.tommy.com/__cypress/runner/cypress_runner.js:10000:46\nFrom Your Spec Code:\n    at Myaccount_Page.clickAddNewAddress (https://uk.tommy.com/__cypress/tests?p=cypress/integration/AddNewAddress.feature:352:34)\n    at Context.eval (https://uk.tommy.com/__cypress/tests?p=cypress/integration/AddNewAddress.feature:312:28)\n    at Context.resolveAndRunStepDefinition (https://uk.tommy.com/__cypress/tests?p=cypress/integration/AddNewAddress.feature:12237:29)\n    at Context.eval (https://uk.tommy.com/__cypress/tests?p=cypress/integration/AddNewAddress.feature:11582:35)\nFrom Your Spec Code:\n    at Myaccount_Page.clickAddNewAddress (https://uk.tommy.com/__cypress/tests?p=cypress/integration/AddNewAddress.feature:352:34)\n    at Context.eval (https://uk.tommy.com/__cypress/tests?p=cypress/integration/AddNewAddress.feature:312:28)\n    at Context.resolveAndRunStepDefinition (https://uk.tommy.com/__cypress/tests?p=cypress/integration/AddNewAddress.feature:12237:29)\n    at Context.eval (https://uk.tommy.com/__cypress/tests?p=cypress/integration/AddNewAddress.feature:11582:35)",
                "diff": null
              },
              "uuid": "e3023bb1-e2cb-4ab1-848c-b52d89420b14",
              "parentUUID": "f3be4b47-329a-497f-b79c-0220450b1a43",
              "isHook": false,
              "skipped": false
            }
          ],
          "suites": [],
          "passes": [],
          "failures": [
            "e3023bb1-e2cb-4ab1-848c-b52d89420b14"
          ],
          "pending": [],
          "skipped": [],
          "duration": 27747,
          "root": false,
          "rootEmpty": false,
          "_timeout": 2000
        }
      ],
      "passes": [],
      "failures": [],
      "pending": [],
      "skipped": [],
      "duration": 0,
      "root": true,
      "rootEmpty": true,
      "_timeout": 2000
    }
  ],
  "meta": {
    "mocha": {
      "version": "7.0.1"
    },
    "mochawesome": {
      "options": {
        "quiet": false,
        "reportFilename": "report",
        "saveHtml": true,
        "saveJson": true,
        "consoleReporter": "spec",
        "useInlineDiffs": false,
        "code": true
      },
      "version": "6.2.1"
    },
    "marge": {
      "options": {
        "reportDir": "cypress/reports/mochawesome-report",
        "reportFilename": "report",
        "overwrite": false,
        "html": true,
        "json": true,
        "charts": true
      },
      "version": "5.1.0"
    }
  }
}