{
  "stats": {
    "suites": 1,
    "tests": 5,
    "passes": 0,
    "pending": 0,
    "failures": 5,
    "start": "2021-08-13T08:45:48.482Z",
    "end": "2021-08-13T08:45:55.687Z",
    "duration": 7205,
    "testsRegistered": 5,
    "passPercent": 0,
    "pendingPercent": 0,
    "other": 0,
    "hasOther": false,
    "skipped": 0,
    "hasSkipped": false
  },
  "results": [
    {
      "uuid": "780b692c-e735-4662-ae30-a8aeb8fd32a5",
      "title": "",
      "fullFile": "cypress/integration/PasswordRules.feature",
      "file": "cypress/integration/PasswordRules.feature",
      "beforeHooks": [],
      "afterHooks": [],
      "tests": [],
      "suites": [
        {
          "uuid": "bf6b6ced-1461-47b7-9461-cdd3a3cc7b48",
          "title": "Password Rules",
          "fullFile": "",
          "file": "",
          "beforeHooks": [],
          "afterHooks": [],
          "tests": [
            {
              "title": "Check Password Strength (example #1)",
              "fullTitle": "Password Rules Check Password Strength (example #1)",
              "timedOut": null,
              "duration": 2320,
              "state": "failed",
              "speed": null,
              "pass": false,
              "fail": true,
              "pending": false,
              "context": null,
              "code": "const state = window.testState;\nreturn cy\n  .then(() => state.onStartScenario(scenario, indexedSteps))\n  .then(() =>\n    resolveAndRunBeforeHooks.call(this, scenario.tags, state.feature.name)\n  )\n  .then(() =>\n    indexedSteps.forEach(step =>\n      stepTest.call(this, state, step, rowData)\n    )\n  )\n  .then(() =>\n    resolveAndRunAfterHooks.call(this, scenario.tags, state.feature.name)\n  )\n  .then(() => state.onFinishScenario(scenario));",
              "err": {
                "message": "TypeError: Cannot read property 'firstName' of undefined",
                "estack": "TypeError: Cannot read property 'firstName' of undefined\n    at Signup_Page.enterName (https://my.wonderbill.com/__cypress/tests?p=cypress/integration/PasswordRules.feature:108:59)\n    at Context.eval (https://my.wonderbill.com/__cypress/tests?p=cypress/integration/PasswordRules.feature:66:22)\n    at Context.resolveAndRunStepDefinition (https://my.wonderbill.com/__cypress/tests?p=cypress/integration/PasswordRules.feature:11893:29)\n    at Context.eval (https://my.wonderbill.com/__cypress/tests?p=cypress/integration/PasswordRules.feature:11238:35)",
                "diff": null
              },
              "uuid": "ac12139e-014b-4778-8404-10671f5690b0",
              "parentUUID": "bf6b6ced-1461-47b7-9461-cdd3a3cc7b48",
              "isHook": false,
              "skipped": false
            },
            {
              "title": "Check Password Strength (example #2)",
              "fullTitle": "Password Rules Check Password Strength (example #2)",
              "timedOut": null,
              "duration": 1490,
              "state": "failed",
              "speed": null,
              "pass": false,
              "fail": true,
              "pending": false,
              "context": null,
              "code": "const state = window.testState;\nreturn cy\n  .then(() => state.onStartScenario(scenario, indexedSteps))\n  .then(() =>\n    resolveAndRunBeforeHooks.call(this, scenario.tags, state.feature.name)\n  )\n  .then(() =>\n    indexedSteps.forEach(step =>\n      stepTest.call(this, state, step, rowData)\n    )\n  )\n  .then(() =>\n    resolveAndRunAfterHooks.call(this, scenario.tags, state.feature.name)\n  )\n  .then(() => state.onFinishScenario(scenario));",
              "err": {
                "message": "TypeError: Cannot read property 'firstName' of undefined",
                "estack": "TypeError: Cannot read property 'firstName' of undefined\n    at Signup_Page.enterName (https://my.wonderbill.com/__cypress/tests?p=cypress/integration/PasswordRules.feature:108:59)\n    at Context.eval (https://my.wonderbill.com/__cypress/tests?p=cypress/integration/PasswordRules.feature:66:22)\n    at Context.resolveAndRunStepDefinition (https://my.wonderbill.com/__cypress/tests?p=cypress/integration/PasswordRules.feature:11893:29)\n    at Context.eval (https://my.wonderbill.com/__cypress/tests?p=cypress/integration/PasswordRules.feature:11238:35)",
                "diff": null
              },
              "uuid": "86f44753-d54d-4bb5-a854-e5c0b8b74260",
              "parentUUID": "bf6b6ced-1461-47b7-9461-cdd3a3cc7b48",
              "isHook": false,
              "skipped": false
            },
            {
              "title": "Check Password Strength (example #3)",
              "fullTitle": "Password Rules Check Password Strength (example #3)",
              "timedOut": null,
              "duration": 1037,
              "state": "failed",
              "speed": null,
              "pass": false,
              "fail": true,
              "pending": false,
              "context": null,
              "code": "const state = window.testState;\nreturn cy\n  .then(() => state.onStartScenario(scenario, indexedSteps))\n  .then(() =>\n    resolveAndRunBeforeHooks.call(this, scenario.tags, state.feature.name)\n  )\n  .then(() =>\n    indexedSteps.forEach(step =>\n      stepTest.call(this, state, step, rowData)\n    )\n  )\n  .then(() =>\n    resolveAndRunAfterHooks.call(this, scenario.tags, state.feature.name)\n  )\n  .then(() => state.onFinishScenario(scenario));",
              "err": {
                "message": "TypeError: Cannot read property 'firstName' of undefined",
                "estack": "TypeError: Cannot read property 'firstName' of undefined\n    at Signup_Page.enterName (https://my.wonderbill.com/__cypress/tests?p=cypress/integration/PasswordRules.feature:108:59)\n    at Context.eval (https://my.wonderbill.com/__cypress/tests?p=cypress/integration/PasswordRules.feature:66:22)\n    at Context.resolveAndRunStepDefinition (https://my.wonderbill.com/__cypress/tests?p=cypress/integration/PasswordRules.feature:11893:29)\n    at Context.eval (https://my.wonderbill.com/__cypress/tests?p=cypress/integration/PasswordRules.feature:11238:35)",
                "diff": null
              },
              "uuid": "f8689199-f4dc-4312-ab58-a9f16baf348e",
              "parentUUID": "bf6b6ced-1461-47b7-9461-cdd3a3cc7b48",
              "isHook": false,
              "skipped": false
            },
            {
              "title": "Check Password Strength (example #4)",
              "fullTitle": "Password Rules Check Password Strength (example #4)",
              "timedOut": null,
              "duration": 1100,
              "state": "failed",
              "speed": null,
              "pass": false,
              "fail": true,
              "pending": false,
              "context": null,
              "code": "const state = window.testState;\nreturn cy\n  .then(() => state.onStartScenario(scenario, indexedSteps))\n  .then(() =>\n    resolveAndRunBeforeHooks.call(this, scenario.tags, state.feature.name)\n  )\n  .then(() =>\n    indexedSteps.forEach(step =>\n      stepTest.call(this, state, step, rowData)\n    )\n  )\n  .then(() =>\n    resolveAndRunAfterHooks.call(this, scenario.tags, state.feature.name)\n  )\n  .then(() => state.onFinishScenario(scenario));",
              "err": {
                "message": "TypeError: Cannot read property 'firstName' of undefined",
                "estack": "TypeError: Cannot read property 'firstName' of undefined\n    at Signup_Page.enterName (https://my.wonderbill.com/__cypress/tests?p=cypress/integration/PasswordRules.feature:108:59)\n    at Context.eval (https://my.wonderbill.com/__cypress/tests?p=cypress/integration/PasswordRules.feature:66:22)\n    at Context.resolveAndRunStepDefinition (https://my.wonderbill.com/__cypress/tests?p=cypress/integration/PasswordRules.feature:11893:29)\n    at Context.eval (https://my.wonderbill.com/__cypress/tests?p=cypress/integration/PasswordRules.feature:11238:35)",
                "diff": null
              },
              "uuid": "09f79c7f-9f5a-437b-b723-23d55eac4cdb",
              "parentUUID": "bf6b6ced-1461-47b7-9461-cdd3a3cc7b48",
              "isHook": false,
              "skipped": false
            },
            {
              "title": "Check Password Strength (example #5)",
              "fullTitle": "Password Rules Check Password Strength (example #5)",
              "timedOut": null,
              "duration": 1049,
              "state": "failed",
              "speed": null,
              "pass": false,
              "fail": true,
              "pending": false,
              "context": null,
              "code": "const state = window.testState;\nreturn cy\n  .then(() => state.onStartScenario(scenario, indexedSteps))\n  .then(() =>\n    resolveAndRunBeforeHooks.call(this, scenario.tags, state.feature.name)\n  )\n  .then(() =>\n    indexedSteps.forEach(step =>\n      stepTest.call(this, state, step, rowData)\n    )\n  )\n  .then(() =>\n    resolveAndRunAfterHooks.call(this, scenario.tags, state.feature.name)\n  )\n  .then(() => state.onFinishScenario(scenario));",
              "err": {
                "message": "TypeError: Cannot read property 'firstName' of undefined",
                "estack": "TypeError: Cannot read property 'firstName' of undefined\n    at Signup_Page.enterName (https://my.wonderbill.com/__cypress/tests?p=cypress/integration/PasswordRules.feature:108:59)\n    at Context.eval (https://my.wonderbill.com/__cypress/tests?p=cypress/integration/PasswordRules.feature:66:22)\n    at Context.resolveAndRunStepDefinition (https://my.wonderbill.com/__cypress/tests?p=cypress/integration/PasswordRules.feature:11893:29)\n    at Context.eval (https://my.wonderbill.com/__cypress/tests?p=cypress/integration/PasswordRules.feature:11238:35)",
                "diff": null
              },
              "uuid": "73eadebb-8de2-42b4-b002-ea5874d58b1b",
              "parentUUID": "bf6b6ced-1461-47b7-9461-cdd3a3cc7b48",
              "isHook": false,
              "skipped": false
            }
          ],
          "suites": [],
          "passes": [],
          "failures": [
            "ac12139e-014b-4778-8404-10671f5690b0",
            "86f44753-d54d-4bb5-a854-e5c0b8b74260",
            "f8689199-f4dc-4312-ab58-a9f16baf348e",
            "09f79c7f-9f5a-437b-b723-23d55eac4cdb",
            "73eadebb-8de2-42b4-b002-ea5874d58b1b"
          ],
          "pending": [],
          "skipped": [],
          "duration": 6996,
          "root": false,
          "rootEmpty": false,
          "_timeout": 2000
        }
      ],
      "passes": [],
      "failures": [],
      "pending": [],
      "skipped": [],
      "duration": 0,
      "root": true,
      "rootEmpty": true,
      "_timeout": 2000
    }
  ],
  "meta": {
    "mocha": {
      "version": "7.0.1"
    },
    "mochawesome": {
      "options": {
        "quiet": false,
        "reportFilename": "report",
        "saveHtml": true,
        "saveJson": true,
        "consoleReporter": "spec",
        "useInlineDiffs": false,
        "code": true
      },
      "version": "6.2.1"
    },
    "marge": {
      "options": {
        "reportDir": "cypress/reports/mochawesome-report",
        "reportFilename": "report",
        "overwrite": false,
        "html": true,
        "json": true,
        "charts": true
      },
      "version": "5.1.0"
    }
  }
}