{
  "stats": {
    "suites": 1,
    "tests": 3,
    "passes": 0,
    "pending": 0,
    "failures": 3,
    "start": "2021-08-21T15:42:27.831Z",
    "end": "2021-08-21T15:45:30.159Z",
    "duration": 182328,
    "testsRegistered": 3,
    "passPercent": 0,
    "pendingPercent": 0,
    "other": 0,
    "hasOther": false,
    "skipped": 0,
    "hasSkipped": false
  },
  "results": [
    {
      "uuid": "a3071105-9d74-4231-9bd1-1a4f451461f3",
      "title": "",
      "fullFile": "cypress/integration/PasswordRules.feature",
      "file": "cypress/integration/PasswordRules.feature",
      "beforeHooks": [],
      "afterHooks": [],
      "tests": [],
      "suites": [
        {
          "uuid": "36a83fcb-a113-4a05-9de1-d11e85a55af3",
          "title": "Password Rules",
          "fullFile": "",
          "file": "",
          "beforeHooks": [],
          "afterHooks": [],
          "tests": [
            {
              "title": "Check Password Strength (example #1)",
              "fullTitle": "Password Rules Check Password Strength (example #1)",
              "timedOut": null,
              "duration": 7768,
              "state": "failed",
              "speed": null,
              "pass": false,
              "fail": true,
              "pending": false,
              "context": null,
              "code": "const state = window.testState;\nreturn cy\n  .then(() => state.onStartScenario(scenario, indexedSteps))\n  .then(() =>\n    resolveAndRunBeforeHooks.call(this, scenario.tags, state.feature.name)\n  )\n  .then(() =>\n    indexedSteps.forEach(step =>\n      stepTest.call(this, state, step, rowData)\n    )\n  )\n  .then(() =>\n    resolveAndRunAfterHooks.call(this, scenario.tags, state.feature.name)\n  )\n  .then(() => state.onFinishScenario(scenario));",
              "err": {
                "message": "CypressError: Timed out retrying: `cy.click()` failed because this element is detached from the DOM.\n\n`<button class=\"header__link header__action account__icon header__desktop-sign-in-button\" type=\"button\" data-testid=\"sign-in-button\">Sign In...</button>`\n\nCypress requires elements be attached in the DOM to interact with them.\n\nThe previous command that ran was:\n\n  > `cy.get()`\n\nThis DOM element likely became detached somewhere between the previous and current command.\n\nCommon situations why this happens:\n  - Your JS framework re-rendered asynchronously\n  - Your app code reacted to an event firing and removed the element\n\nYou typically need to re-query for the element or add 'guards' which delay Cypress from running new commands.\n\nhttps://on.cypress.io/element-has-detached-from-dom",
                "estack": "CypressError: Timed out retrying: `cy.click()` failed because this element is detached from the DOM.\n\n`<button class=\"header__link header__action account__icon header__desktop-sign-in-button\" type=\"button\" data-testid=\"sign-in-button\">Sign In...</button>`\n\nCypress requires elements be attached in the DOM to interact with them.\n\nThe previous command that ran was:\n\n  > `cy.get()`\n\nThis DOM element likely became detached somewhere between the previous and current command.\n\nCommon situations why this happens:\n  - Your JS framework re-rendered asynchronously\n  - Your app code reacted to an event firing and removed the element\n\nYou typically need to re-query for the element or add 'guards' which delay Cypress from running new commands.\n\nhttps://on.cypress.io/element-has-detached-from-dom\n    at $Cy.ensureAttached (https://uk.tommy.com/__cypress/runner/cypress_runner.js:161173:24)\n    at runAllChecks (https://uk.tommy.com/__cypress/runner/cypress_runner.js:150104:12)\n    at retryActionability (https://uk.tommy.com/__cypress/runner/cypress_runner.js:150163:16)\n    at tryCatcher (https://uk.tommy.com/__cypress/runner/cypress_runner.js:10325:23)\n    at Function.Promise.attempt.Promise.try (https://uk.tommy.com/__cypress/runner/cypress_runner.js:7599:29)\n    at tryFn (https://uk.tommy.com/__cypress/runner/cypress_runner.js:165556:21)\n    at whenStable (https://uk.tommy.com/__cypress/runner/cypress_runner.js:165594:12)\n    at https://uk.tommy.com/__cypress/runner/cypress_runner.js:165089:16\n    at tryCatcher (https://uk.tommy.com/__cypress/runner/cypress_runner.js:10325:23)\n    at Promise._settlePromiseFromHandler (https://uk.tommy.com/__cypress/runner/cypress_runner.js:8260:31)\n    at Promise._settlePromise (https://uk.tommy.com/__cypress/runner/cypress_runner.js:8317:18)\n    at Promise._settlePromise0 (https://uk.tommy.com/__cypress/runner/cypress_runner.js:8362:10)\n    at Promise._settlePromises (https://uk.tommy.com/__cypress/runner/cypress_runner.js:8442:18)\n    at Promise._fulfill (https://uk.tommy.com/__cypress/runner/cypress_runner.js:8386:18)\n    at https://uk.tommy.com/__cypress/runner/cypress_runner.js:10000:46\nFrom Your Spec Code:\n    at Context.eval (https://uk.tommy.com/__cypress/tests?p=cypress/integration/PasswordRules.feature:98:42)\n    at Context.resolveAndRunStepDefinition (https://uk.tommy.com/__cypress/tests?p=cypress/integration/PasswordRules.feature:11914:29)\n    at Context.eval (https://uk.tommy.com/__cypress/tests?p=cypress/integration/PasswordRules.feature:11259:35)\nFrom Your Spec Code:\n    at Context.eval (https://uk.tommy.com/__cypress/tests?p=cypress/integration/PasswordRules.feature:98:42)\n    at Context.resolveAndRunStepDefinition (https://uk.tommy.com/__cypress/tests?p=cypress/integration/PasswordRules.feature:11914:29)\n    at Context.eval (https://uk.tommy.com/__cypress/tests?p=cypress/integration/PasswordRules.feature:11259:35)",
                "diff": null
              },
              "uuid": "2e444eaa-c16a-4228-b212-6cafdb6853cf",
              "parentUUID": "36a83fcb-a113-4a05-9de1-d11e85a55af3",
              "isHook": false,
              "skipped": false
            },
            {
              "title": "Check Password Strength (example #2)",
              "fullTitle": "Password Rules Check Password Strength (example #2)",
              "timedOut": null,
              "duration": 9097,
              "state": "failed",
              "speed": null,
              "pass": false,
              "fail": true,
              "pending": false,
              "context": null,
              "code": "const state = window.testState;\nreturn cy\n  .then(() => state.onStartScenario(scenario, indexedSteps))\n  .then(() =>\n    resolveAndRunBeforeHooks.call(this, scenario.tags, state.feature.name)\n  )\n  .then(() =>\n    indexedSteps.forEach(step =>\n      stepTest.call(this, state, step, rowData)\n    )\n  )\n  .then(() =>\n    resolveAndRunAfterHooks.call(this, scenario.tags, state.feature.name)\n  )\n  .then(() => state.onFinishScenario(scenario));",
              "err": {
                "message": "ReferenceError: passwordError is not defined",
                "estack": "ReferenceError: passwordError is not defined\n    at Context.eval (https://uk.tommy.com/__cypress/tests?p=cypress/integration/PasswordRules.feature:89:70)\n    at Context.resolveAndRunStepDefinition (https://uk.tommy.com/__cypress/tests?p=cypress/integration/PasswordRules.feature:11914:29)\n    at Context.eval (https://uk.tommy.com/__cypress/tests?p=cypress/integration/PasswordRules.feature:11259:35)",
                "diff": null
              },
              "uuid": "0884a3b4-470b-4f2d-9392-292e1ee3b33c",
              "parentUUID": "36a83fcb-a113-4a05-9de1-d11e85a55af3",
              "isHook": false,
              "skipped": false
            },
            {
              "title": "Check Password Strength (example #3)",
              "fullTitle": "Password Rules Check Password Strength (example #3)",
              "timedOut": null,
              "duration": 165183,
              "state": "failed",
              "speed": null,
              "pass": false,
              "fail": true,
              "pending": false,
              "context": null,
              "code": "const state = window.testState;\nreturn cy\n  .then(() => state.onStartScenario(scenario, indexedSteps))\n  .then(() =>\n    resolveAndRunBeforeHooks.call(this, scenario.tags, state.feature.name)\n  )\n  .then(() =>\n    indexedSteps.forEach(step =>\n      stepTest.call(this, state, step, rowData)\n    )\n  )\n  .then(() =>\n    resolveAndRunAfterHooks.call(this, scenario.tags, state.feature.name)\n  )\n  .then(() => state.onFinishScenario(scenario));",
              "err": {
                "message": "ReferenceError: passwordError is not defined",
                "estack": "ReferenceError: passwordError is not defined\n    at Context.eval (https://uk.tommy.com/__cypress/tests?p=cypress/integration/PasswordRules.feature:89:70)\n    at Context.resolveAndRunStepDefinition (https://uk.tommy.com/__cypress/tests?p=cypress/integration/PasswordRules.feature:11914:29)\n    at Context.eval (https://uk.tommy.com/__cypress/tests?p=cypress/integration/PasswordRules.feature:11259:35)",
                "diff": null
              },
              "uuid": "1b80005e-9238-494f-9caa-a32d6e06af1f",
              "parentUUID": "36a83fcb-a113-4a05-9de1-d11e85a55af3",
              "isHook": false,
              "skipped": false
            }
          ],
          "suites": [],
          "passes": [],
          "failures": [
            "2e444eaa-c16a-4228-b212-6cafdb6853cf",
            "0884a3b4-470b-4f2d-9392-292e1ee3b33c",
            "1b80005e-9238-494f-9caa-a32d6e06af1f"
          ],
          "pending": [],
          "skipped": [],
          "duration": 182048,
          "root": false,
          "rootEmpty": false,
          "_timeout": 2000
        }
      ],
      "passes": [],
      "failures": [],
      "pending": [],
      "skipped": [],
      "duration": 0,
      "root": true,
      "rootEmpty": true,
      "_timeout": 2000
    }
  ],
  "meta": {
    "mocha": {
      "version": "7.0.1"
    },
    "mochawesome": {
      "options": {
        "quiet": false,
        "reportFilename": "report",
        "saveHtml": true,
        "saveJson": true,
        "consoleReporter": "spec",
        "useInlineDiffs": false,
        "code": true
      },
      "version": "6.2.1"
    },
    "marge": {
      "options": {
        "reportDir": "cypress/reports/mochawesome-report",
        "reportFilename": "report",
        "overwrite": false,
        "html": true,
        "json": true,
        "charts": true
      },
      "version": "5.1.0"
    }
  }
}