{
  "stats": {
    "suites": 1,
    "tests": 2,
    "passes": 1,
    "pending": 0,
    "failures": 1,
    "start": "2021-08-21T14:50:24.434Z",
    "end": "2021-08-21T14:50:29.479Z",
    "duration": 5045,
    "testsRegistered": 2,
    "passPercent": 50,
    "pendingPercent": 0,
    "other": 0,
    "hasOther": false,
    "skipped": 0,
    "hasSkipped": false
  },
  "results": [
    {
      "uuid": "c11bde44-378e-4545-b774-96aa0d6c7c4a",
      "title": "",
      "fullFile": "cypress/integration/Signup.feature",
      "file": "cypress/integration/Signup.feature",
      "beforeHooks": [],
      "afterHooks": [],
      "tests": [],
      "suites": [
        {
          "uuid": "9198c7bf-02ad-471a-9479-f6ce711eedb8",
          "title": "Sign up",
          "fullFile": "",
          "file": "",
          "beforeHooks": [],
          "afterHooks": [],
          "tests": [
            {
              "title": "As a new user I want to signup successfully (example #1)",
              "fullTitle": "Sign up As a new user I want to signup successfully (example #1)",
              "timedOut": null,
              "duration": 3448,
              "state": "failed",
              "speed": null,
              "pass": false,
              "fail": true,
              "pending": false,
              "context": null,
              "code": "const state = window.testState;\nreturn cy\n  .then(() => state.onStartScenario(scenario, indexedSteps))\n  .then(() =>\n    resolveAndRunBeforeHooks.call(this, scenario.tags, state.feature.name)\n  )\n  .then(() =>\n    indexedSteps.forEach(step =>\n      stepTest.call(this, state, step, rowData)\n    )\n  )\n  .then(() =>\n    resolveAndRunAfterHooks.call(this, scenario.tags, state.feature.name)\n  )\n  .then(() => state.onFinishScenario(scenario));",
              "err": {
                "message": "TypeError: Cannot read property 'firstName' of undefined",
                "estack": "TypeError: Cannot read property 'firstName' of undefined\n    at Signup_Page.enterName (https://my.wonderbill.com/__cypress/tests?p=cypress/integration/Signup.feature:108:59)\n    at Context.eval (https://my.wonderbill.com/__cypress/tests?p=cypress/integration/Signup.feature:66:22)\n    at Context.resolveAndRunStepDefinition (https://my.wonderbill.com/__cypress/tests?p=cypress/integration/Signup.feature:11893:29)\n    at Context.eval (https://my.wonderbill.com/__cypress/tests?p=cypress/integration/Signup.feature:11238:35)",
                "diff": null
              },
              "uuid": "a3ec70d2-42d4-4917-9259-289dea1a9ef5",
              "parentUUID": "9198c7bf-02ad-471a-9479-f6ce711eedb8",
              "isHook": false,
              "skipped": false
            },
            {
              "title": "Check user is signup successfully",
              "fullTitle": "Sign up Check user is signup successfully",
              "timedOut": null,
              "duration": 1529,
              "state": "passed",
              "speed": "slow",
              "pass": true,
              "fail": false,
              "pending": false,
              "context": null,
              "code": "const state = window.testState;\nreturn cy\n  .then(() => state.onStartScenario(scenario, indexedSteps))\n  .then(() =>\n    resolveAndRunBeforeHooks.call(this, scenario.tags, state.feature.name)\n  )\n  .then(() =>\n    indexedSteps.forEach(step =>\n      stepTest.call(this, state, step, rowData)\n    )\n  )\n  .then(() =>\n    resolveAndRunAfterHooks.call(this, scenario.tags, state.feature.name)\n  )\n  .then(() => state.onFinishScenario(scenario));",
              "err": {},
              "uuid": "a02e1e9a-b0cc-49de-8c85-7ce0e38cf7bc",
              "parentUUID": "9198c7bf-02ad-471a-9479-f6ce711eedb8",
              "isHook": false,
              "skipped": false
            }
          ],
          "suites": [],
          "passes": [
            "a02e1e9a-b0cc-49de-8c85-7ce0e38cf7bc"
          ],
          "failures": [
            "a3ec70d2-42d4-4917-9259-289dea1a9ef5"
          ],
          "pending": [],
          "skipped": [],
          "duration": 4977,
          "root": false,
          "rootEmpty": false,
          "_timeout": 2000
        }
      ],
      "passes": [],
      "failures": [],
      "pending": [],
      "skipped": [],
      "duration": 0,
      "root": true,
      "rootEmpty": true,
      "_timeout": 2000
    }
  ],
  "meta": {
    "mocha": {
      "version": "7.0.1"
    },
    "mochawesome": {
      "options": {
        "quiet": false,
        "reportFilename": "report",
        "saveHtml": true,
        "saveJson": true,
        "consoleReporter": "spec",
        "useInlineDiffs": false,
        "code": true
      },
      "version": "6.2.1"
    },
    "marge": {
      "options": {
        "reportDir": "cypress/reports/mochawesome-report",
        "reportFilename": "report",
        "overwrite": false,
        "html": true,
        "json": true,
        "charts": true
      },
      "version": "5.1.0"
    }
  }
}