{
  "stats": {
    "suites": 1,
    "tests": 3,
    "passes": 0,
    "pending": 0,
    "failures": 3,
    "start": "2021-08-21T14:50:13.512Z",
    "end": "2021-08-21T14:50:18.428Z",
    "duration": 4916,
    "testsRegistered": 3,
    "passPercent": 0,
    "pendingPercent": 0,
    "other": 0,
    "hasOther": false,
    "skipped": 0,
    "hasSkipped": false
  },
  "results": [
    {
      "uuid": "fda0110e-b285-4b74-8eb0-b0cb635054e3",
      "title": "",
      "fullFile": "cypress/integration/PasswordRules.feature",
      "file": "cypress/integration/PasswordRules.feature",
      "beforeHooks": [],
      "afterHooks": [],
      "tests": [],
      "suites": [
        {
          "uuid": "8c251288-61df-46d9-b412-48ca7eefbe3c",
          "title": "Password Rules",
          "fullFile": "",
          "file": "",
          "beforeHooks": [],
          "afterHooks": [],
          "tests": [
            {
              "title": "Check Password Strength (example #1)",
              "fullTitle": "Password Rules Check Password Strength (example #1)",
              "timedOut": null,
              "duration": 2394,
              "state": "failed",
              "speed": null,
              "pass": false,
              "fail": true,
              "pending": false,
              "context": null,
              "code": "const state = window.testState;\nreturn cy\n  .then(() => state.onStartScenario(scenario, indexedSteps))\n  .then(() =>\n    resolveAndRunBeforeHooks.call(this, scenario.tags, state.feature.name)\n  )\n  .then(() =>\n    indexedSteps.forEach(step =>\n      stepTest.call(this, state, step, rowData)\n    )\n  )\n  .then(() =>\n    resolveAndRunAfterHooks.call(this, scenario.tags, state.feature.name)\n  )\n  .then(() => state.onFinishScenario(scenario));",
              "err": {
                "message": "TypeError: Cannot read property 'firstName' of undefined",
                "estack": "TypeError: Cannot read property 'firstName' of undefined\n    at Signup_Page.enterName (https://my.wonderbill.com/__cypress/tests?p=cypress/integration/PasswordRules.feature:108:59)\n    at Context.eval (https://my.wonderbill.com/__cypress/tests?p=cypress/integration/PasswordRules.feature:66:22)\n    at Context.resolveAndRunStepDefinition (https://my.wonderbill.com/__cypress/tests?p=cypress/integration/PasswordRules.feature:11893:29)\n    at Context.eval (https://my.wonderbill.com/__cypress/tests?p=cypress/integration/PasswordRules.feature:11238:35)",
                "diff": null
              },
              "uuid": "0c1d4abd-0224-4990-9f3c-958014cc3a63",
              "parentUUID": "8c251288-61df-46d9-b412-48ca7eefbe3c",
              "isHook": false,
              "skipped": false
            },
            {
              "title": "Check Password Strength (example #2)",
              "fullTitle": "Password Rules Check Password Strength (example #2)",
              "timedOut": null,
              "duration": 1356,
              "state": "failed",
              "speed": null,
              "pass": false,
              "fail": true,
              "pending": false,
              "context": null,
              "code": "const state = window.testState;\nreturn cy\n  .then(() => state.onStartScenario(scenario, indexedSteps))\n  .then(() =>\n    resolveAndRunBeforeHooks.call(this, scenario.tags, state.feature.name)\n  )\n  .then(() =>\n    indexedSteps.forEach(step =>\n      stepTest.call(this, state, step, rowData)\n    )\n  )\n  .then(() =>\n    resolveAndRunAfterHooks.call(this, scenario.tags, state.feature.name)\n  )\n  .then(() => state.onFinishScenario(scenario));",
              "err": {
                "message": "TypeError: Cannot read property 'firstName' of undefined",
                "estack": "TypeError: Cannot read property 'firstName' of undefined\n    at Signup_Page.enterName (https://my.wonderbill.com/__cypress/tests?p=cypress/integration/PasswordRules.feature:108:59)\n    at Context.eval (https://my.wonderbill.com/__cypress/tests?p=cypress/integration/PasswordRules.feature:66:22)\n    at Context.resolveAndRunStepDefinition (https://my.wonderbill.com/__cypress/tests?p=cypress/integration/PasswordRules.feature:11893:29)\n    at Context.eval (https://my.wonderbill.com/__cypress/tests?p=cypress/integration/PasswordRules.feature:11238:35)",
                "diff": null
              },
              "uuid": "dabca3bd-7551-4c42-a651-27f491a4b451",
              "parentUUID": "8c251288-61df-46d9-b412-48ca7eefbe3c",
              "isHook": false,
              "skipped": false
            },
            {
              "title": "Check Password Strength (example #3)",
              "fullTitle": "Password Rules Check Password Strength (example #3)",
              "timedOut": null,
              "duration": 1061,
              "state": "failed",
              "speed": null,
              "pass": false,
              "fail": true,
              "pending": false,
              "context": null,
              "code": "const state = window.testState;\nreturn cy\n  .then(() => state.onStartScenario(scenario, indexedSteps))\n  .then(() =>\n    resolveAndRunBeforeHooks.call(this, scenario.tags, state.feature.name)\n  )\n  .then(() =>\n    indexedSteps.forEach(step =>\n      stepTest.call(this, state, step, rowData)\n    )\n  )\n  .then(() =>\n    resolveAndRunAfterHooks.call(this, scenario.tags, state.feature.name)\n  )\n  .then(() => state.onFinishScenario(scenario));",
              "err": {
                "message": "TypeError: Cannot read property 'firstName' of undefined",
                "estack": "TypeError: Cannot read property 'firstName' of undefined\n    at Signup_Page.enterName (https://my.wonderbill.com/__cypress/tests?p=cypress/integration/PasswordRules.feature:108:59)\n    at Context.eval (https://my.wonderbill.com/__cypress/tests?p=cypress/integration/PasswordRules.feature:66:22)\n    at Context.resolveAndRunStepDefinition (https://my.wonderbill.com/__cypress/tests?p=cypress/integration/PasswordRules.feature:11893:29)\n    at Context.eval (https://my.wonderbill.com/__cypress/tests?p=cypress/integration/PasswordRules.feature:11238:35)",
                "diff": null
              },
              "uuid": "f3daab94-1d56-412a-816f-159af51214e3",
              "parentUUID": "8c251288-61df-46d9-b412-48ca7eefbe3c",
              "isHook": false,
              "skipped": false
            }
          ],
          "suites": [],
          "passes": [],
          "failures": [
            "0c1d4abd-0224-4990-9f3c-958014cc3a63",
            "dabca3bd-7551-4c42-a651-27f491a4b451",
            "f3daab94-1d56-412a-816f-159af51214e3"
          ],
          "pending": [],
          "skipped": [],
          "duration": 4811,
          "root": false,
          "rootEmpty": false,
          "_timeout": 2000
        }
      ],
      "passes": [],
      "failures": [],
      "pending": [],
      "skipped": [],
      "duration": 0,
      "root": true,
      "rootEmpty": true,
      "_timeout": 2000
    }
  ],
  "meta": {
    "mocha": {
      "version": "7.0.1"
    },
    "mochawesome": {
      "options": {
        "quiet": false,
        "reportFilename": "report",
        "saveHtml": true,
        "saveJson": true,
        "consoleReporter": "spec",
        "useInlineDiffs": false,
        "code": true
      },
      "version": "6.2.1"
    },
    "marge": {
      "options": {
        "reportDir": "cypress/reports/mochawesome-report",
        "reportFilename": "report",
        "overwrite": false,
        "html": true,
        "json": true,
        "charts": true
      },
      "version": "5.1.0"
    }
  }
}