{
  "stats": {
    "suites": 1,
    "tests": 2,
    "passes": 2,
    "pending": 0,
    "failures": 0,
    "start": "2021-08-21T21:02:03.679Z",
    "end": "2021-08-21T21:03:57.807Z",
    "duration": 114128,
    "testsRegistered": 2,
    "passPercent": 100,
    "pendingPercent": 0,
    "other": 0,
    "hasOther": false,
    "skipped": 0,
    "hasSkipped": false
  },
  "results": [
    {
      "uuid": "15a9c8c6-0275-4253-977f-91e3be5e5465",
      "title": "",
      "fullFile": "cypress/integration/ErrorMessages.feature",
      "file": "cypress/integration/ErrorMessages.feature",
      "beforeHooks": [],
      "afterHooks": [],
      "tests": [],
      "suites": [
        {
          "uuid": "1d6d9ddc-81fa-4da7-bbe0-d64f01f6a75e",
          "title": "Error Messages",
          "fullFile": "",
          "file": "",
          "beforeHooks": [],
          "afterHooks": [],
          "tests": [
            {
              "title": "User sees error message when an invalid password format is used",
              "fullTitle": "Error Messages User sees error message when an invalid password format is used",
              "timedOut": null,
              "duration": 8100,
              "state": "passed",
              "speed": "slow",
              "pass": true,
              "fail": false,
              "pending": false,
              "context": null,
              "code": "const state = window.testState;\nreturn cy\n  .then(() => state.onStartScenario(scenario, indexedSteps))\n  .then(() =>\n    resolveAndRunBeforeHooks.call(this, scenario.tags, state.feature.name)\n  )\n  .then(() =>\n    indexedSteps.forEach(step =>\n      stepTest.call(this, state, step, rowData)\n    )\n  )\n  .then(() =>\n    resolveAndRunAfterHooks.call(this, scenario.tags, state.feature.name)\n  )\n  .then(() => state.onFinishScenario(scenario));",
              "err": {},
              "uuid": "69110ef3-c006-425a-b6b8-73cbc8c87a17",
              "parentUUID": "1d6d9ddc-81fa-4da7-bbe0-d64f01f6a75e",
              "isHook": false,
              "skipped": false
            },
            {
              "title": "User sees error message when an invalid email address is provided",
              "fullTitle": "Error Messages User sees error message when an invalid email address is provided",
              "timedOut": null,
              "duration": 105880,
              "state": "passed",
              "speed": "slow",
              "pass": true,
              "fail": false,
              "pending": false,
              "context": null,
              "code": "const state = window.testState;\nreturn cy\n  .then(() => state.onStartScenario(scenario, indexedSteps))\n  .then(() =>\n    resolveAndRunBeforeHooks.call(this, scenario.tags, state.feature.name)\n  )\n  .then(() =>\n    indexedSteps.forEach(step =>\n      stepTest.call(this, state, step, rowData)\n    )\n  )\n  .then(() =>\n    resolveAndRunAfterHooks.call(this, scenario.tags, state.feature.name)\n  )\n  .then(() => state.onFinishScenario(scenario));",
              "err": {},
              "uuid": "b7ba2f28-5fdd-4309-b88c-dcb086be07be",
              "parentUUID": "1d6d9ddc-81fa-4da7-bbe0-d64f01f6a75e",
              "isHook": false,
              "skipped": false
            }
          ],
          "suites": [],
          "passes": [
            "69110ef3-c006-425a-b6b8-73cbc8c87a17",
            "b7ba2f28-5fdd-4309-b88c-dcb086be07be"
          ],
          "failures": [],
          "pending": [],
          "skipped": [],
          "duration": 113980,
          "root": false,
          "rootEmpty": false,
          "_timeout": 2000
        }
      ],
      "passes": [],
      "failures": [],
      "pending": [],
      "skipped": [],
      "duration": 0,
      "root": true,
      "rootEmpty": true,
      "_timeout": 2000
    }
  ],
  "meta": {
    "mocha": {
      "version": "7.0.1"
    },
    "mochawesome": {
      "options": {
        "quiet": false,
        "reportFilename": "report",
        "saveHtml": true,
        "saveJson": true,
        "consoleReporter": "spec",
        "useInlineDiffs": false,
        "code": true
      },
      "version": "6.2.1"
    },
    "marge": {
      "options": {
        "reportDir": "cypress/reports/mochawesome-report",
        "reportFilename": "report",
        "overwrite": false,
        "html": true,
        "json": true,
        "charts": true
      },
      "version": "5.1.0"
    }
  }
}